Analysis & Synthesis report for top_level
Wed Jun  3 17:27:13 2026
Quartus Prime Version 25.1std.0 Build 1129 10/21/2025 SC Lite Edition


---------------------
; Table of Contents ;
---------------------
  1. Legal Notice
  2. Analysis & Synthesis Summary
  3. Analysis & Synthesis Settings
  4. Parallel Compilation
  5. Analysis & Synthesis Source Files Read
  6. Analysis & Synthesis Resource Usage Summary
  7. Analysis & Synthesis Resource Utilization by Entity
  8. Analysis & Synthesis RAM Summary
  9. Analysis & Synthesis DSP Block Usage Summary
 10. User-Specified and Inferred Latches
 11. Registers Removed During Synthesis
 12. General Register Statistics
 13. Multiplexer Restructuring Statistics (Restructuring Performed)
 14. Source assignments for LPM_ROM:inst8|altrom:srom|altsyncram:rom_block|altsyncram_j671:auto_generated
 15. Source assignments for LPM_RAM_DQ:inst9|altram:sram|altsyncram:ram_block|altsyncram_lhh1:auto_generated
 16. Parameter Settings for User Entity Instance: LPM_ROM:inst8
 17. Parameter Settings for User Entity Instance: LPM_RAM_DQ:inst9
 18. Post-Synthesis Netlist Statistics for Top Partition
 19. Elapsed Time Per Partition
 20. Analysis & Synthesis Messages



----------------
; Legal Notice ;
----------------
Copyright (C) 2025  Altera Corporation. All rights reserved.
Your use of Altera Corporation's design tools, logic functions 
and other software and tools, and any partner logic 
functions, and any output files from any of the foregoing 
(including device programming or simulation files), and any 
associated documentation or information are expressly subject 
to the terms and conditions of the Altera Program License 
Subscription Agreement, the Altera Quartus Prime License Agreement,
the Altera IP License Agreement, or other applicable license
agreement, including, without limitation, that your use is for
the sole purpose of programming logic devices manufactured by
Altera and sold by Altera or its authorized distributors.  Please
refer to the Altera Software License Subscription Agreements 
on the Quartus Prime software download page.



+-----------------------------------------------------------------------------------+
; Analysis & Synthesis Summary                                                      ;
+---------------------------------+-------------------------------------------------+
; Analysis & Synthesis Status     ; Successful - Wed Jun  3 17:27:13 2026           ;
; Quartus Prime Version           ; 25.1std.0 Build 1129 10/21/2025 SC Lite Edition ;
; Revision Name                   ; top_level                                       ;
; Top-level Entity Name           ; top_level                                       ;
; Family                          ; Cyclone V                                       ;
; Logic utilization (in ALMs)     ; N/A                                             ;
; Total registers                 ; 104                                             ;
; Total pins                      ; 155                                             ;
; Total virtual pins              ; 0                                               ;
; Total block memory bits         ; 12,288                                          ;
; Total DSP Blocks                ; 1                                               ;
; Total HSSI RX PCSs              ; 0                                               ;
; Total HSSI PMA RX Deserializers ; 0                                               ;
; Total HSSI TX PCSs              ; 0                                               ;
; Total HSSI PMA TX Serializers   ; 0                                               ;
; Total PLLs                      ; 0                                               ;
; Total DLLs                      ; 0                                               ;
+---------------------------------+-------------------------------------------------+


+---------------------------------------------------------------------------------------------------------------------------+
; Analysis & Synthesis Settings                                                                                             ;
+---------------------------------------------------------------------------------+--------------------+--------------------+
; Option                                                                          ; Setting            ; Default Value      ;
+---------------------------------------------------------------------------------+--------------------+--------------------+
; Device                                                                          ; 5CGXFC7C7F23C8     ;                    ;
; Top-level entity name                                                           ; top_level          ; top_level          ;
; Family name                                                                     ; Cyclone V          ; Cyclone V          ;
; Use smart compilation                                                           ; Off                ; Off                ;
; Enable parallel Assembler and Timing Analyzer during compilation                ; On                 ; On                 ;
; Enable compact report table                                                     ; Off                ; Off                ;
; Restructure Multiplexers                                                        ; Auto               ; Auto               ;
; MLAB Add Timing Constraints For Mixed-Port Feed-Through Mode Setting Don't Care ; Off                ; Off                ;
; Create Debugging Nodes for IP Cores                                             ; Off                ; Off                ;
; Preserve fewer node names                                                       ; On                 ; On                 ;
; Intel FPGA IP Evaluation Mode                                                   ; Enable             ; Enable             ;
; Verilog Version                                                                 ; Verilog_2001       ; Verilog_2001       ;
; VHDL Version                                                                    ; VHDL_1993          ; VHDL_1993          ;
; State Machine Processing                                                        ; Auto               ; Auto               ;
; Safe State Machine                                                              ; Off                ; Off                ;
; Extract Verilog State Machines                                                  ; On                 ; On                 ;
; Extract VHDL State Machines                                                     ; On                 ; On                 ;
; Ignore Verilog initial constructs                                               ; Off                ; Off                ;
; Iteration limit for constant Verilog loops                                      ; 5000               ; 5000               ;
; Iteration limit for non-constant Verilog loops                                  ; 250                ; 250                ;
; Add Pass-Through Logic to Inferred RAMs                                         ; On                 ; On                 ;
; Infer RAMs from Raw Logic                                                       ; On                 ; On                 ;
; Parallel Synthesis                                                              ; On                 ; On                 ;
; DSP Block Balancing                                                             ; Auto               ; Auto               ;
; NOT Gate Push-Back                                                              ; On                 ; On                 ;
; Power-Up Don't Care                                                             ; On                 ; On                 ;
; Remove Redundant Logic Cells                                                    ; Off                ; Off                ;
; Remove Duplicate Registers                                                      ; On                 ; On                 ;
; Ignore CARRY Buffers                                                            ; Off                ; Off                ;
; Ignore CASCADE Buffers                                                          ; Off                ; Off                ;
; Ignore GLOBAL Buffers                                                           ; Off                ; Off                ;
; Ignore ROW GLOBAL Buffers                                                       ; Off                ; Off                ;
; Ignore LCELL Buffers                                                            ; Off                ; Off                ;
; Ignore SOFT Buffers                                                             ; On                 ; On                 ;
; Limit AHDL Integers to 32 Bits                                                  ; Off                ; Off                ;
; Optimization Technique                                                          ; Balanced           ; Balanced           ;
; Carry Chain Length                                                              ; 70                 ; 70                 ;
; Auto Carry Chains                                                               ; On                 ; On                 ;
; Auto Open-Drain Pins                                                            ; On                 ; On                 ;
; Perform WYSIWYG Primitive Resynthesis                                           ; Off                ; Off                ;
; Auto ROM Replacement                                                            ; On                 ; On                 ;
; Auto RAM Replacement                                                            ; On                 ; On                 ;
; Auto DSP Block Replacement                                                      ; On                 ; On                 ;
; Auto Shift Register Replacement                                                 ; Auto               ; Auto               ;
; Allow Shift Register Merging across Hierarchies                                 ; Auto               ; Auto               ;
; Auto Clock Enable Replacement                                                   ; On                 ; On                 ;
; Strict RAM Replacement                                                          ; Off                ; Off                ;
; Allow Synchronous Control Signals                                               ; On                 ; On                 ;
; Force Use of Synchronous Clear Signals                                          ; Off                ; Off                ;
; Auto Resource Sharing                                                           ; Off                ; Off                ;
; Allow Any RAM Size For Recognition                                              ; Off                ; Off                ;
; Allow Any ROM Size For Recognition                                              ; Off                ; Off                ;
; Allow Any Shift Register Size For Recognition                                   ; Off                ; Off                ;
; Use LogicLock Constraints during Resource Balancing                             ; On                 ; On                 ;
; Ignore translate_off and synthesis_off directives                               ; Off                ; Off                ;
; Timing-Driven Synthesis                                                         ; On                 ; On                 ;
; Report Parameter Settings                                                       ; On                 ; On                 ;
; Report Source Assignments                                                       ; On                 ; On                 ;
; Report Connectivity Checks                                                      ; On                 ; On                 ;
; Ignore Maximum Fan-Out Assignments                                              ; Off                ; Off                ;
; Synchronization Register Chain Length                                           ; 3                  ; 3                  ;
; Power Optimization During Synthesis                                             ; Normal compilation ; Normal compilation ;
; HDL message level                                                               ; Level2             ; Level2             ;
; Suppress Register Optimization Related Messages                                 ; Off                ; Off                ;
; Number of Removed Registers Reported in Synthesis Report                        ; 5000               ; 5000               ;
; Number of Swept Nodes Reported in Synthesis Report                              ; 5000               ; 5000               ;
; Number of Inverted Registers Reported in Synthesis Report                       ; 100                ; 100                ;
; Clock MUX Protection                                                            ; On                 ; On                 ;
; Auto Gated Clock Conversion                                                     ; Off                ; Off                ;
; Block Design Naming                                                             ; Auto               ; Auto               ;
; SDC constraint protection                                                       ; Off                ; Off                ;
; Synthesis Effort                                                                ; Auto               ; Auto               ;
; Shift Register Replacement - Allow Asynchronous Clear Signal                    ; On                 ; On                 ;
; Pre-Mapping Resynthesis Optimization                                            ; Off                ; Off                ;
; Analysis & Synthesis Message Level                                              ; Medium             ; Medium             ;
; Disable Register Merging Across Hierarchies                                     ; Auto               ; Auto               ;
; Resource Aware Inference For Block RAM                                          ; On                 ; On                 ;
; Automatic Parallel Synthesis                                                    ; On                 ; On                 ;
; Partial Reconfiguration Bitstream ID                                            ; Off                ; Off                ;
+---------------------------------------------------------------------------------+--------------------+--------------------+


+------------------------------------------+
; Parallel Compilation                     ;
+----------------------------+-------------+
; Processors                 ; Number      ;
+----------------------------+-------------+
; Number detected on machine ; 16          ;
; Maximum allowed            ; 10          ;
;                            ;             ;
; Average used               ; 1.00        ;
; Maximum used               ; 10          ;
;                            ;             ;
; Usage by Processor         ; % Time Used ;
;     Processor 1            ; 100.0%      ;
;     Processors 2-10        ;   0.0%      ;
+----------------------------+-------------+


+------------------------------------------------------------------------------------------------------------------------------------------------------------------------------------------------------------------+
; Analysis & Synthesis Source Files Read                                                                                                                                                                           ;
+----------------------------------+-----------------+------------------------------------+--------------------------------------------------------------------------------------------------------------+---------+
; File Name with User-Entered Path ; Used in Netlist ; File Type                          ; File Name with Absolute Path                                                                                 ; Library ;
+----------------------------------+-----------------+------------------------------------+--------------------------------------------------------------------------------------------------------------+---------+
; top_level.bdf                    ; yes             ; User Block Diagram/Schematic File  ; E:/QuartusPrimeLiteEdition/experiment_4/Quartus_f4b_test1/Quartus_f4b_test1/f4b3v2/top_level.bdf             ;         ;
; LPM_ROM_test1.mif                ; yes             ; User Memory Initialization File    ; E:/QuartusPrimeLiteEdition/experiment_4/Quartus_f4b_test1/Quartus_f4b_test1/f4b3v2/LPM_ROM_test1.mif         ;         ;
; LPM_RAM_DQ_test1_pro2.mif        ; yes             ; User Memory Initialization File    ; E:/QuartusPrimeLiteEdition/experiment_4/Quartus_f4b_test1/Quartus_f4b_test1/f4b3v2/LPM_RAM_DQ_test1_pro2.mif ;         ;
; PC.vhd                           ; yes             ; User VHDL File                     ; E:/QuartusPrimeLiteEdition/experiment_4/Quartus_f4b_test1/Quartus_f4b_test1/f4b3v2/PC.vhd                    ;         ;
; MBR.vhd                          ; yes             ; User VHDL File                     ; E:/QuartusPrimeLiteEdition/experiment_4/Quartus_f4b_test1/Quartus_f4b_test1/f4b3v2/MBR.vhd                   ;         ;
; MAR.vhd                          ; yes             ; User VHDL File                     ; E:/QuartusPrimeLiteEdition/experiment_4/Quartus_f4b_test1/Quartus_f4b_test1/f4b3v2/MAR.vhd                   ;         ;
; IR.vhd                           ; yes             ; User VHDL File                     ; E:/QuartusPrimeLiteEdition/experiment_4/Quartus_f4b_test1/Quartus_f4b_test1/f4b3v2/IR.vhd                    ;         ;
; CONTROLR.vhd                     ; yes             ; User VHDL File                     ; E:/QuartusPrimeLiteEdition/experiment_4/Quartus_f4b_test1/Quartus_f4b_test1/f4b3v2/CONTROLR.vhd              ;         ;
; CAR.vhd                          ; yes             ; User VHDL File                     ; E:/QuartusPrimeLiteEdition/experiment_4/Quartus_f4b_test1/Quartus_f4b_test1/f4b3v2/CAR.vhd                   ;         ;
; BR.vhd                           ; yes             ; User VHDL File                     ; E:/QuartusPrimeLiteEdition/experiment_4/Quartus_f4b_test1/Quartus_f4b_test1/f4b3v2/BR.vhd                    ;         ;
; ALU.vhd                          ; yes             ; User VHDL File                     ; E:/QuartusPrimeLiteEdition/experiment_4/Quartus_f4b_test1/Quartus_f4b_test1/f4b3v2/ALU.vhd                   ;         ;
; lpm_rom.tdf                      ; yes             ; Megafunction                       ; e:/quartusprimeliteedition/altera_lite/25.1/quartus/libraries/megafunctions/lpm_rom.tdf                      ;         ;
; altrom.inc                       ; yes             ; Megafunction                       ; e:/quartusprimeliteedition/altera_lite/25.1/quartus/libraries/megafunctions/altrom.inc                       ;         ;
; aglobal251.inc                   ; yes             ; Megafunction                       ; e:/quartusprimeliteedition/altera_lite/25.1/quartus/libraries/megafunctions/aglobal251.inc                   ;         ;
; altrom.tdf                       ; yes             ; Megafunction                       ; e:/quartusprimeliteedition/altera_lite/25.1/quartus/libraries/megafunctions/altrom.tdf                       ;         ;
; memmodes.inc                     ; yes             ; Megafunction                       ; e:/quartusprimeliteedition/altera_lite/25.1/quartus/libraries/others/maxplus2/memmodes.inc                   ;         ;
; lpm_decode.inc                   ; yes             ; Megafunction                       ; e:/quartusprimeliteedition/altera_lite/25.1/quartus/libraries/megafunctions/lpm_decode.inc                   ;         ;
; lpm_mux.inc                      ; yes             ; Megafunction                       ; e:/quartusprimeliteedition/altera_lite/25.1/quartus/libraries/megafunctions/lpm_mux.inc                      ;         ;
; altsyncram.inc                   ; yes             ; Megafunction                       ; e:/quartusprimeliteedition/altera_lite/25.1/quartus/libraries/megafunctions/altsyncram.inc                   ;         ;
; altsyncram.tdf                   ; yes             ; Megafunction                       ; e:/quartusprimeliteedition/altera_lite/25.1/quartus/libraries/megafunctions/altsyncram.tdf                   ;         ;
; stratix_ram_block.inc            ; yes             ; Megafunction                       ; e:/quartusprimeliteedition/altera_lite/25.1/quartus/libraries/megafunctions/stratix_ram_block.inc            ;         ;
; a_rdenreg.inc                    ; yes             ; Megafunction                       ; e:/quartusprimeliteedition/altera_lite/25.1/quartus/libraries/megafunctions/a_rdenreg.inc                    ;         ;
; altram.inc                       ; yes             ; Megafunction                       ; e:/quartusprimeliteedition/altera_lite/25.1/quartus/libraries/megafunctions/altram.inc                       ;         ;
; altdpram.inc                     ; yes             ; Megafunction                       ; e:/quartusprimeliteedition/altera_lite/25.1/quartus/libraries/megafunctions/altdpram.inc                     ;         ;
; db/altsyncram_j671.tdf           ; yes             ; Auto-Generated Megafunction        ; E:/QuartusPrimeLiteEdition/experiment_4/Quartus_f4b_test1/Quartus_f4b_test1/f4b3v2/db/altsyncram_j671.tdf    ;         ;
; lpm_ram_dq.tdf                   ; yes             ; Megafunction                       ; e:/quartusprimeliteedition/altera_lite/25.1/quartus/libraries/megafunctions/lpm_ram_dq.tdf                   ;         ;
; altram.tdf                       ; yes             ; Megafunction                       ; e:/quartusprimeliteedition/altera_lite/25.1/quartus/libraries/megafunctions/altram.tdf                       ;         ;
; db/altsyncram_lhh1.tdf           ; yes             ; Auto-Generated Megafunction        ; E:/QuartusPrimeLiteEdition/experiment_4/Quartus_f4b_test1/Quartus_f4b_test1/f4b3v2/db/altsyncram_lhh1.tdf    ;         ;
+----------------------------------+-----------------+------------------------------------+--------------------------------------------------------------------------------------------------------------+---------+


+------------------------------------------------------------+
; Analysis & Synthesis Resource Usage Summary                ;
+---------------------------------------------+--------------+
; Resource                                    ; Usage        ;
+---------------------------------------------+--------------+
; Estimate of Logic utilization (ALMs needed) ; 245          ;
;                                             ;              ;
; Combinational ALUT usage for logic          ; 451          ;
;     -- 7 input functions                    ; 2            ;
;     -- 6 input functions                    ; 5            ;
;     -- 5 input functions                    ; 52           ;
;     -- 4 input functions                    ; 15           ;
;     -- <=3 input functions                  ; 377          ;
;                                             ;              ;
; Dedicated logic registers                   ; 104          ;
;                                             ;              ;
; I/O pins                                    ; 155          ;
; Total MLAB memory bits                      ; 0            ;
; Total block memory bits                     ; 12288        ;
;                                             ;              ;
; Total DSP Blocks                            ; 1            ;
;                                             ;              ;
; Maximum fan-out node                        ; clkMBR~input ;
; Maximum fan-out                             ; 112          ;
; Total fan-out                               ; 2863         ;
; Average fan-out                             ; 3.13         ;
+---------------------------------------------+--------------+


+--------------------------------------------------------------------------------------------------------------------------------------------------------------------------------------------------------------------------------------------------------------------------------------+
; Analysis & Synthesis Resource Utilization by Entity                                                                                                                                                                                                                                  ;
+----------------------------------------------+---------------------+---------------------------+-------------------+------------+------+--------------+---------------------------------------------------------------------------------------------+-----------------+--------------+
; Compilation Hierarchy Node                   ; Combinational ALUTs ; Dedicated Logic Registers ; Block Memory Bits ; DSP Blocks ; Pins ; Virtual Pins ; Full Hierarchy Name                                                                         ; Entity Name     ; Library Name ;
+----------------------------------------------+---------------------+---------------------------+-------------------+------------+------+--------------+---------------------------------------------------------------------------------------------+-----------------+--------------+
; |top_level                                   ; 451 (0)             ; 104 (0)                   ; 12288             ; 1          ; 155  ; 0            ; |top_level                                                                                  ; top_level       ; work         ;
;    |ALU:inst3|                               ; 392 (392)           ; 16 (16)                   ; 0                 ; 1          ; 0    ; 0            ; |top_level|ALU:inst3                                                                        ; ALU             ; work         ;
;    |BR:inst2|                                ; 16 (16)             ; 0 (0)                     ; 0                 ; 0          ; 0    ; 0            ; |top_level|BR:inst2                                                                         ; BR              ; work         ;
;    |CAR:inst6|                               ; 12 (12)             ; 8 (8)                     ; 0                 ; 0          ; 0    ; 0            ; |top_level|CAR:inst6                                                                        ; CAR             ; work         ;
;    |MAR:inst7|                               ; 1 (1)               ; 8 (8)                     ; 0                 ; 0          ; 0    ; 0            ; |top_level|MAR:inst7                                                                        ; MAR             ; work         ;
;    |MBR:inst|                                ; 19 (19)             ; 64 (64)                   ; 0                 ; 0          ; 0    ; 0            ; |top_level|MBR:inst                                                                         ; MBR             ; work         ;
;    |PC:inst4|                                ; 11 (11)             ; 8 (8)                     ; 0                 ; 0          ; 0    ; 0            ; |top_level|PC:inst4                                                                         ; PC              ; work         ;
;    |lpm_ram_dq:inst9|                        ; 0 (0)               ; 0 (0)                     ; 4096              ; 0          ; 0    ; 0            ; |top_level|lpm_ram_dq:inst9                                                                 ; lpm_ram_dq      ; work         ;
;       |altram:sram|                          ; 0 (0)               ; 0 (0)                     ; 4096              ; 0          ; 0    ; 0            ; |top_level|lpm_ram_dq:inst9|altram:sram                                                     ; altram          ; work         ;
;          |altsyncram:ram_block|              ; 0 (0)               ; 0 (0)                     ; 4096              ; 0          ; 0    ; 0            ; |top_level|lpm_ram_dq:inst9|altram:sram|altsyncram:ram_block                                ; altsyncram      ; work         ;
;             |altsyncram_lhh1:auto_generated| ; 0 (0)               ; 0 (0)                     ; 4096              ; 0          ; 0    ; 0            ; |top_level|lpm_ram_dq:inst9|altram:sram|altsyncram:ram_block|altsyncram_lhh1:auto_generated ; altsyncram_lhh1 ; work         ;
;    |lpm_rom:inst8|                           ; 0 (0)               ; 0 (0)                     ; 8192              ; 0          ; 0    ; 0            ; |top_level|lpm_rom:inst8                                                                    ; lpm_rom         ; work         ;
;       |altrom:srom|                          ; 0 (0)               ; 0 (0)                     ; 8192              ; 0          ; 0    ; 0            ; |top_level|lpm_rom:inst8|altrom:srom                                                        ; altrom          ; work         ;
;          |altsyncram:rom_block|              ; 0 (0)               ; 0 (0)                     ; 8192              ; 0          ; 0    ; 0            ; |top_level|lpm_rom:inst8|altrom:srom|altsyncram:rom_block                                   ; altsyncram      ; work         ;
;             |altsyncram_j671:auto_generated| ; 0 (0)               ; 0 (0)                     ; 8192              ; 0          ; 0    ; 0            ; |top_level|lpm_rom:inst8|altrom:srom|altsyncram:rom_block|altsyncram_j671:auto_generated    ; altsyncram_j671 ; work         ;
+----------------------------------------------+---------------------+---------------------------+-------------------+------------+------+--------------+---------------------------------------------------------------------------------------------+-----------------+--------------+
Note: For table entries with two numbers listed, the numbers in parentheses indicate the number of resources of the given type used by the specific entity alone. The numbers listed outside of parentheses indicate the total resources of the given type used by the specific entity and all of its sub-entities in the hierarchy.


+-----------------------------------------------------------------------------------------------------------------------------------------------------------------------------------------------------------------+
; Analysis & Synthesis RAM Summary                                                                                                                                                                                ;
+---------------------------------------------------------------------------------------------+------+-------------+--------------+--------------+--------------+--------------+------+---------------------------+
; Name                                                                                        ; Type ; Mode        ; Port A Depth ; Port A Width ; Port B Depth ; Port B Width ; Size ; MIF                       ;
+---------------------------------------------------------------------------------------------+------+-------------+--------------+--------------+--------------+--------------+------+---------------------------+
; lpm_ram_dq:inst9|altram:sram|altsyncram:ram_block|altsyncram_lhh1:auto_generated|ALTSYNCRAM ; AUTO ; Single Port ; 256          ; 16           ; --           ; --           ; 4096 ; LPM_RAM_DQ_test1_pro2.mif ;
; lpm_rom:inst8|altrom:srom|altsyncram:rom_block|altsyncram_j671:auto_generated|ALTSYNCRAM    ; AUTO ; ROM         ; 256          ; 32           ; --           ; --           ; 8192 ; LPM_ROM_test1.mif         ;
+---------------------------------------------------------------------------------------------+------+-------------+--------------+--------------+--------------+--------------+------+---------------------------+


+-----------------------------------------------+
; Analysis & Synthesis DSP Block Usage Summary  ;
+---------------------------------+-------------+
; Statistic                       ; Number Used ;
+---------------------------------+-------------+
; Independent 9x9                 ; 1           ;
; Total number of DSP blocks      ; 1           ;
;                                 ;             ;
; Fixed Point Unsigned Multiplier ; 1           ;
+---------------------------------+-------------+


+-------------------------------------------------------------------------------------------------------+
; User-Specified and Inferred Latches                                                                   ;
+-----------------------------------------------------+------------------------+------------------------+
; Latch Name                                          ; Latch Enable Signal    ; Free of Timing Hazards ;
+-----------------------------------------------------+------------------------+------------------------+
; BR:inst2|BRout[15]                                  ; lpm_rom:inst8|otri[22] ; yes                    ;
; BR:inst2|BRout[14]                                  ; lpm_rom:inst8|otri[22] ; yes                    ;
; BR:inst2|BRout[13]                                  ; lpm_rom:inst8|otri[22] ; yes                    ;
; BR:inst2|BRout[12]                                  ; lpm_rom:inst8|otri[22] ; yes                    ;
; BR:inst2|BRout[11]                                  ; lpm_rom:inst8|otri[22] ; yes                    ;
; BR:inst2|BRout[10]                                  ; lpm_rom:inst8|otri[22] ; yes                    ;
; BR:inst2|BRout[9]                                   ; lpm_rom:inst8|otri[22] ; yes                    ;
; BR:inst2|BRout[8]                                   ; lpm_rom:inst8|otri[22] ; yes                    ;
; BR:inst2|BRout[7]                                   ; lpm_rom:inst8|otri[22] ; yes                    ;
; BR:inst2|BRout[6]                                   ; lpm_rom:inst8|otri[22] ; yes                    ;
; BR:inst2|BRout[5]                                   ; lpm_rom:inst8|otri[22] ; yes                    ;
; BR:inst2|BRout[4]                                   ; lpm_rom:inst8|otri[22] ; yes                    ;
; BR:inst2|BRout[3]                                   ; lpm_rom:inst8|otri[22] ; yes                    ;
; BR:inst2|BRout[2]                                   ; lpm_rom:inst8|otri[22] ; yes                    ;
; BR:inst2|BRout[1]                                   ; lpm_rom:inst8|otri[22] ; yes                    ;
; BR:inst2|BRout[0]                                   ; lpm_rom:inst8|otri[22] ; yes                    ;
; Number of user-specified and inferred latches = 16  ;                        ;                        ;
+-----------------------------------------------------+------------------------+------------------------+
Note: All latches listed above may not be present at the end of synthesis due to various synthesis optimizations.


+-------------------------------------------------------------------------+
; Registers Removed During Synthesis                                      ;
+---------------------------------------+---------------------------------+
; Register name                         ; Reason for Removal              ;
+---------------------------------------+---------------------------------+
; MBR:inst|MBR_PC[7]                    ; Merged with MBR:inst|MBR_MAR[7] ;
; MBR:inst|MBR_PC[6]                    ; Merged with MBR:inst|MBR_MAR[6] ;
; MBR:inst|MBR_PC[5]                    ; Merged with MBR:inst|MBR_MAR[5] ;
; MBR:inst|MBR_PC[4]                    ; Merged with MBR:inst|MBR_MAR[4] ;
; MBR:inst|MBR_PC[3]                    ; Merged with MBR:inst|MBR_MAR[3] ;
; MBR:inst|MBR_PC[2]                    ; Merged with MBR:inst|MBR_MAR[2] ;
; MBR:inst|MBR_PC[1]                    ; Merged with MBR:inst|MBR_MAR[1] ;
; MBR:inst|MBR_PC[0]                    ; Merged with MBR:inst|MBR_MAR[0] ;
; Total Number of Removed Registers = 8 ;                                 ;
+---------------------------------------+---------------------------------+


+------------------------------------------------------+
; General Register Statistics                          ;
+----------------------------------------------+-------+
; Statistic                                    ; Value ;
+----------------------------------------------+-------+
; Total registers                              ; 104   ;
; Number of registers using Synchronous Clear  ; 64    ;
; Number of registers using Synchronous Load   ; 24    ;
; Number of registers using Asynchronous Clear ; 0     ;
; Number of registers using Asynchronous Load  ; 0     ;
; Number of registers using Clock Enable       ; 94    ;
; Number of registers using Preset             ; 0     ;
+----------------------------------------------+-------+


+----------------------------------------------------------------------------------------------------------------------------------------------+
; Multiplexer Restructuring Statistics (Restructuring Performed)                                                                               ;
+--------------------+-----------+---------------+----------------------+------------------------+------------+--------------------------------+
; Multiplexer Inputs ; Bus Width ; Baseline Area ; Area if Restructured ; Saving if Restructured ; Registered ; Example Multiplexer Output     ;
+--------------------+-----------+---------------+----------------------+------------------------+------------+--------------------------------+
; 3:1                ; 8 bits    ; 16 LEs        ; 0 LEs                ; 16 LEs                 ; Yes        ; |top_level|MBR:inst|MBR_OP[5]  ;
; 3:1                ; 8 bits    ; 16 LEs        ; 0 LEs                ; 16 LEs                 ; Yes        ; |top_level|MAR:inst7|MARout[1] ;
; 3:1                ; 16 bits   ; 32 LEs        ; 0 LEs                ; 32 LEs                 ; Yes        ; |top_level|MBR:inst|MBR_BR[5]  ;
; 6:1                ; 8 bits    ; 32 LEs        ; 0 LEs                ; 32 LEs                 ; Yes        ; |top_level|CAR:inst6|CARout[0] ;
; 7:1                ; 8 bits    ; 32 LEs        ; 0 LEs                ; 32 LEs                 ; Yes        ; |top_level|PC:inst4|PCout[4]   ;
; 12:1               ; 14 bits   ; 112 LEs       ; 70 LEs               ; 42 LEs                 ; Yes        ; |top_level|ALU:inst3|ACC[3]    ;
+--------------------+-----------+---------------+----------------------+------------------------+------------+--------------------------------+


+------------------------------------------------------------------------------------------------------+
; Source assignments for LPM_ROM:inst8|altrom:srom|altsyncram:rom_block|altsyncram_j671:auto_generated ;
+---------------------------------+--------------------+------+----------------------------------------+
; Assignment                      ; Value              ; From ; To                                     ;
+---------------------------------+--------------------+------+----------------------------------------+
; OPTIMIZE_POWER_DURING_SYNTHESIS ; NORMAL_COMPILATION ; -    ; -                                      ;
+---------------------------------+--------------------+------+----------------------------------------+


+---------------------------------------------------------------------------------------------------------+
; Source assignments for LPM_RAM_DQ:inst9|altram:sram|altsyncram:ram_block|altsyncram_lhh1:auto_generated ;
+---------------------------------+--------------------+------+-------------------------------------------+
; Assignment                      ; Value              ; From ; To                                        ;
+---------------------------------+--------------------+------+-------------------------------------------+
; OPTIMIZE_POWER_DURING_SYNTHESIS ; NORMAL_COMPILATION ; -    ; -                                         ;
+---------------------------------+--------------------+------+-------------------------------------------+


+-------------------------------------------------------------+
; Parameter Settings for User Entity Instance: LPM_ROM:inst8  ;
+------------------------+-------------------+----------------+
; Parameter Name         ; Value             ; Type           ;
+------------------------+-------------------+----------------+
; LPM_WIDTH              ; 32                ; Untyped        ;
; LPM_WIDTHAD            ; 8                 ; Untyped        ;
; LPM_NUMWORDS           ; 256               ; Untyped        ;
; LPM_ADDRESS_CONTROL    ; REGISTERED        ; Untyped        ;
; LPM_OUTDATA            ; UNREGISTERED      ; Untyped        ;
; LPM_FILE               ; LPM_ROM_test1.mif ; Untyped        ;
; DEVICE_FAMILY          ; Cyclone V         ; Untyped        ;
; AUTO_CARRY_CHAINS      ; ON                ; AUTO_CARRY     ;
; IGNORE_CARRY_BUFFERS   ; OFF               ; IGNORE_CARRY   ;
; AUTO_CASCADE_CHAINS    ; ON                ; AUTO_CASCADE   ;
; IGNORE_CASCADE_BUFFERS ; OFF               ; IGNORE_CASCADE ;
+------------------------+-------------------+----------------+
Note: In order to hide this table in the UI and the text report file, please set the "Show Parameter Settings in Synthesis Report" option in "Analysis and Synthesis Settings -> More Settings" to "Off".


+---------------------------------------------------------------------+
; Parameter Settings for User Entity Instance: LPM_RAM_DQ:inst9       ;
+------------------------+---------------------------+----------------+
; Parameter Name         ; Value                     ; Type           ;
+------------------------+---------------------------+----------------+
; LPM_WIDTH              ; 16                        ; Untyped        ;
; LPM_WIDTHAD            ; 8                         ; Untyped        ;
; LPM_NUMWORDS           ; 256                       ; Untyped        ;
; LPM_INDATA             ; REGISTERED                ; Untyped        ;
; LPM_ADDRESS_CONTROL    ; REGISTERED                ; Untyped        ;
; LPM_OUTDATA            ; UNREGISTERED              ; Untyped        ;
; LPM_FILE               ; LPM_RAM_DQ_test1_pro2.mif ; Untyped        ;
; USE_EAB                ; ON                        ; Untyped        ;
; DEVICE_FAMILY          ; Cyclone V                 ; Untyped        ;
; CBXI_PARAMETER         ; NOTHING                   ; Untyped        ;
; AUTO_CARRY_CHAINS      ; ON                        ; AUTO_CARRY     ;
; IGNORE_CARRY_BUFFERS   ; OFF                       ; IGNORE_CARRY   ;
; AUTO_CASCADE_CHAINS    ; ON                        ; AUTO_CASCADE   ;
; IGNORE_CASCADE_BUFFERS ; OFF                       ; IGNORE_CASCADE ;
+------------------------+---------------------------+----------------+
Note: In order to hide this table in the UI and the text report file, please set the "Show Parameter Settings in Synthesis Report" option in "Analysis and Synthesis Settings -> More Settings" to "Off".


+-----------------------------------------------------+
; Post-Synthesis Netlist Statistics for Top Partition ;
+-----------------------+-----------------------------+
; Type                  ; Count                       ;
+-----------------------+-----------------------------+
; arriav_ff             ; 104                         ;
;     ENA               ; 32                          ;
;     ENA SCLR          ; 38                          ;
;     ENA SCLR SLD      ; 16                          ;
;     ENA SLD           ; 8                           ;
;     SCLR              ; 10                          ;
; arriav_lcell_comb     ; 451                         ;
;     arith             ; 302                         ;
;         1 data inputs ; 38                          ;
;         2 data inputs ; 16                          ;
;         3 data inputs ; 248                         ;
;     extend            ; 2                           ;
;         7 data inputs ; 2                           ;
;     normal            ; 113                         ;
;         2 data inputs ; 5                           ;
;         3 data inputs ; 36                          ;
;         4 data inputs ; 15                          ;
;         5 data inputs ; 52                          ;
;         6 data inputs ; 5                           ;
;     shared            ; 34                          ;
;         0 data inputs ; 1                           ;
;         1 data inputs ; 16                          ;
;         2 data inputs ; 17                          ;
; arriav_mac            ; 1                           ;
; boundary_port         ; 155                         ;
; stratixv_ram_block    ; 48                          ;
;                       ;                             ;
; Max LUT depth         ; 40.90                       ;
; Average LUT depth     ; 26.04                       ;
+-----------------------+-----------------------------+


+-------------------------------+
; Elapsed Time Per Partition    ;
+----------------+--------------+
; Partition Name ; Elapsed Time ;
+----------------+--------------+
; Top            ; 00:00:06     ;
+----------------+--------------+


+-------------------------------+
; Analysis & Synthesis Messages ;
+-------------------------------+
Info: *******************************************************************
Info: Running Quartus Prime Analysis & Synthesis
    Info: Version 25.1std.0 Build 1129 10/21/2025 SC Lite Edition
    Info: Copyright (C) 2025  Altera Corporation. All rights reserved.
    Info: Your use of Altera Corporation's design tools, logic functions 
    Info: and other software and tools, and any partner logic 
    Info: functions, and any output files from any of the foregoing 
    Info: (including device programming or simulation files), and any 
    Info: associated documentation or information are expressly subject 
    Info: to the terms and conditions of the Altera Program License 
    Info: Subscription Agreement, the Altera Quartus Prime License Agreement,
    Info: the Altera IP License Agreement, or other applicable license
    Info: agreement, including, without limitation, that your use is for
    Info: the sole purpose of programming logic devices manufactured by
    Info: Altera and sold by Altera or its authorized distributors.  Please
    Info: refer to the Altera Software License Subscription Agreements 
    Info: on the Quartus Prime software download page.
    Info: Processing started: Wed Jun  3 17:26:58 2026
Info: Command: quartus_map --read_settings_files=on --write_settings_files=off f4b_test1 -c top_level
Warning (18236): Number of processors has not been specified which may cause overloading on shared machines.  Set the global assignment NUM_PARALLEL_PROCESSORS in your QSF to an appropriate value for best performance.
Info (20030): Parallel compilation is enabled and will use 10 of the 10 processors detected
Info (12021): Found 1 design units, including 1 entities, in source file top_level.bdf
    Info (12023): Found entity 1: top_level
Info (12021): Found 2 design units, including 1 entities, in source file pc.vhd
    Info (12022): Found design unit 1: PC-behave File: E:/QuartusPrimeLiteEdition/experiment_4/Quartus_f4b_test1/Quartus_f4b_test1/f4b3v2/PC.vhd Line: 12
    Info (12023): Found entity 1: PC File: E:/QuartusPrimeLiteEdition/experiment_4/Quartus_f4b_test1/Quartus_f4b_test1/f4b3v2/PC.vhd Line: 4
Info (12021): Found 2 design units, including 1 entities, in source file mbr.vhd
    Info (12022): Found design unit 1: MBR-behave File: E:/QuartusPrimeLiteEdition/experiment_4/Quartus_f4b_test1/Quartus_f4b_test1/f4b3v2/MBR.vhd Line: 16
    Info (12023): Found entity 1: MBR File: E:/QuartusPrimeLiteEdition/experiment_4/Quartus_f4b_test1/Quartus_f4b_test1/f4b3v2/MBR.vhd Line: 4
Info (12021): Found 2 design units, including 1 entities, in source file mar.vhd
    Info (12022): Found design unit 1: MAR-behave File: E:/QuartusPrimeLiteEdition/experiment_4/Quartus_f4b_test1/Quartus_f4b_test1/f4b3v2/MAR.vhd Line: 11
    Info (12023): Found entity 1: MAR File: E:/QuartusPrimeLiteEdition/experiment_4/Quartus_f4b_test1/Quartus_f4b_test1/f4b3v2/MAR.vhd Line: 4
Info (12021): Found 2 design units, including 1 entities, in source file ir.vhd
    Info (12022): Found design unit 1: IR-behave File: E:/QuartusPrimeLiteEdition/experiment_4/Quartus_f4b_test1/Quartus_f4b_test1/f4b3v2/IR.vhd Line: 8
    Info (12023): Found entity 1: IR File: E:/QuartusPrimeLiteEdition/experiment_4/Quartus_f4b_test1/Quartus_f4b_test1/f4b3v2/IR.vhd Line: 4
Info (12021): Found 2 design units, including 1 entities, in source file controlr.vhd
    Info (12022): Found design unit 1: CONTROLR-behave File: E:/QuartusPrimeLiteEdition/experiment_4/Quartus_f4b_test1/Quartus_f4b_test1/f4b3v2/CONTROLR.vhd Line: 14
    Info (12023): Found entity 1: CONTROLR File: E:/QuartusPrimeLiteEdition/experiment_4/Quartus_f4b_test1/Quartus_f4b_test1/f4b3v2/CONTROLR.vhd Line: 4
Info (12021): Found 2 design units, including 1 entities, in source file car.vhd
    Info (12022): Found design unit 1: CAR-behave File: E:/QuartusPrimeLiteEdition/experiment_4/Quartus_f4b_test1/Quartus_f4b_test1/f4b3v2/CAR.vhd Line: 10
    Info (12023): Found entity 1: CAR File: E:/QuartusPrimeLiteEdition/experiment_4/Quartus_f4b_test1/Quartus_f4b_test1/f4b3v2/CAR.vhd Line: 4
Info (12021): Found 2 design units, including 1 entities, in source file br.vhd
    Info (12022): Found design unit 1: BR-behave File: E:/QuartusPrimeLiteEdition/experiment_4/Quartus_f4b_test1/Quartus_f4b_test1/f4b3v2/BR.vhd Line: 11
    Info (12023): Found entity 1: BR File: E:/QuartusPrimeLiteEdition/experiment_4/Quartus_f4b_test1/Quartus_f4b_test1/f4b3v2/BR.vhd Line: 4
Info (12021): Found 2 design units, including 1 entities, in source file alu.vhd
    Info (12022): Found design unit 1: ALU-behave File: E:/QuartusPrimeLiteEdition/experiment_4/Quartus_f4b_test1/Quartus_f4b_test1/f4b3v2/ALU.vhd Line: 12
    Info (12023): Found entity 1: ALU File: E:/QuartusPrimeLiteEdition/experiment_4/Quartus_f4b_test1/Quartus_f4b_test1/f4b3v2/ALU.vhd Line: 5
Info (12127): Elaborating entity "top_level" for the top level hierarchy
Warning (275006): Can't find a definition for parameter LPM_FILE -- assuming LPM_ROM_test1.mif was intended to be a quoted string
Warning (275006): Can't find a definition for parameter LPM_FILE -- assuming LPM_RAM_DQ_test1_pro2.mif was intended to be a quoted string
Info (12128): Elaborating entity "ALU" for hierarchy "ALU:inst3"
Info (12128): Elaborating entity "CONTROLR" for hierarchy "CONTROLR:inst1"
Info (12128): Elaborating entity "LPM_ROM" for hierarchy "LPM_ROM:inst8"
Info (12130): Elaborated megafunction instantiation "LPM_ROM:inst8"
Info (12133): Instantiated megafunction "LPM_ROM:inst8" with the following parameter:
    Info (12134): Parameter "LPM_FILE" = "LPM_ROM_test1.mif"
    Info (12134): Parameter "LPM_OUTDATA" = "UNREGISTERED"
    Info (12134): Parameter "LPM_WIDTH" = "32"
    Info (12134): Parameter "LPM_WIDTHAD" = "8"
Info (12128): Elaborating entity "altrom" for hierarchy "LPM_ROM:inst8|altrom:srom" File: e:/quartusprimeliteedition/altera_lite/25.1/quartus/libraries/megafunctions/lpm_rom.tdf Line: 55
Info (12131): Elaborated megafunction instantiation "LPM_ROM:inst8|altrom:srom", which is child of megafunction instantiation "LPM_ROM:inst8" File: e:/quartusprimeliteedition/altera_lite/25.1/quartus/libraries/megafunctions/lpm_rom.tdf Line: 55
Info (12128): Elaborating entity "altsyncram" for hierarchy "LPM_ROM:inst8|altrom:srom|altsyncram:rom_block" File: e:/quartusprimeliteedition/altera_lite/25.1/quartus/libraries/megafunctions/altrom.tdf Line: 89
Info (12131): Elaborated megafunction instantiation "LPM_ROM:inst8|altrom:srom|altsyncram:rom_block", which is child of megafunction instantiation "LPM_ROM:inst8" File: e:/quartusprimeliteedition/altera_lite/25.1/quartus/libraries/megafunctions/altrom.tdf Line: 89
Info (12021): Found 1 design units, including 1 entities, in source file db/altsyncram_j671.tdf
    Info (12023): Found entity 1: altsyncram_j671 File: E:/QuartusPrimeLiteEdition/experiment_4/Quartus_f4b_test1/Quartus_f4b_test1/f4b3v2/db/altsyncram_j671.tdf Line: 28
Info (12128): Elaborating entity "altsyncram_j671" for hierarchy "LPM_ROM:inst8|altrom:srom|altsyncram:rom_block|altsyncram_j671:auto_generated" File: e:/quartusprimeliteedition/altera_lite/25.1/quartus/libraries/megafunctions/altsyncram.tdf Line: 792
Info (12128): Elaborating entity "CAR" for hierarchy "CAR:inst6"
Info (12128): Elaborating entity "IR" for hierarchy "IR:inst5"
Info (12128): Elaborating entity "MBR" for hierarchy "MBR:inst"
Info (12128): Elaborating entity "LPM_RAM_DQ" for hierarchy "LPM_RAM_DQ:inst9"
Info (12130): Elaborated megafunction instantiation "LPM_RAM_DQ:inst9"
Info (12133): Instantiated megafunction "LPM_RAM_DQ:inst9" with the following parameter:
    Info (12134): Parameter "LPM_FILE" = "LPM_RAM_DQ_test1_pro2.mif"
    Info (12134): Parameter "LPM_OUTDATA" = "UNREGISTERED"
    Info (12134): Parameter "LPM_WIDTH" = "16"
    Info (12134): Parameter "LPM_WIDTHAD" = "8"
Info (12128): Elaborating entity "altram" for hierarchy "LPM_RAM_DQ:inst9|altram:sram" File: e:/quartusprimeliteedition/altera_lite/25.1/quartus/libraries/megafunctions/lpm_ram_dq.tdf Line: 106
Warning (287001): Assertion warning: altram does not support Cyclone V device family -- attempting best-case memory conversions, but power-up states and read during write behavior will be different for Cyclone V devices File: e:/quartusprimeliteedition/altera_lite/25.1/quartus/libraries/megafunctions/altram.tdf Line: 212
Info (12131): Elaborated megafunction instantiation "LPM_RAM_DQ:inst9|altram:sram", which is child of megafunction instantiation "LPM_RAM_DQ:inst9" File: e:/quartusprimeliteedition/altera_lite/25.1/quartus/libraries/megafunctions/lpm_ram_dq.tdf Line: 106
Info (12128): Elaborating entity "altsyncram" for hierarchy "LPM_RAM_DQ:inst9|altram:sram|altsyncram:ram_block" File: e:/quartusprimeliteedition/altera_lite/25.1/quartus/libraries/megafunctions/altram.tdf Line: 103
Info (12131): Elaborated megafunction instantiation "LPM_RAM_DQ:inst9|altram:sram|altsyncram:ram_block", which is child of megafunction instantiation "LPM_RAM_DQ:inst9" File: e:/quartusprimeliteedition/altera_lite/25.1/quartus/libraries/megafunctions/altram.tdf Line: 103
Info (12021): Found 1 design units, including 1 entities, in source file db/altsyncram_lhh1.tdf
    Info (12023): Found entity 1: altsyncram_lhh1 File: E:/QuartusPrimeLiteEdition/experiment_4/Quartus_f4b_test1/Quartus_f4b_test1/f4b3v2/db/altsyncram_lhh1.tdf Line: 28
Info (12128): Elaborating entity "altsyncram_lhh1" for hierarchy "LPM_RAM_DQ:inst9|altram:sram|altsyncram:ram_block|altsyncram_lhh1:auto_generated" File: e:/quartusprimeliteedition/altera_lite/25.1/quartus/libraries/megafunctions/altsyncram.tdf Line: 792
Info (12128): Elaborating entity "MAR" for hierarchy "MAR:inst7"
Info (12128): Elaborating entity "PC" for hierarchy "PC:inst4"
Info (12128): Elaborating entity "BR" for hierarchy "BR:inst2"
Warning (10631): VHDL Process Statement warning at BR.vhd(13): inferring latch(es) for signal or variable "BRout", which holds its previous value in one or more paths through the process File: E:/QuartusPrimeLiteEdition/experiment_4/Quartus_f4b_test1/Quartus_f4b_test1/f4b3v2/BR.vhd Line: 13
Info (10041): Inferred latch for "BRout[0]" at BR.vhd(13) File: E:/QuartusPrimeLiteEdition/experiment_4/Quartus_f4b_test1/Quartus_f4b_test1/f4b3v2/BR.vhd Line: 13
Info (10041): Inferred latch for "BRout[1]" at BR.vhd(13) File: E:/QuartusPrimeLiteEdition/experiment_4/Quartus_f4b_test1/Quartus_f4b_test1/f4b3v2/BR.vhd Line: 13
Info (10041): Inferred latch for "BRout[2]" at BR.vhd(13) File: E:/QuartusPrimeLiteEdition/experiment_4/Quartus_f4b_test1/Quartus_f4b_test1/f4b3v2/BR.vhd Line: 13
Info (10041): Inferred latch for "BRout[3]" at BR.vhd(13) File: E:/QuartusPrimeLiteEdition/experiment_4/Quartus_f4b_test1/Quartus_f4b_test1/f4b3v2/BR.vhd Line: 13
Info (10041): Inferred latch for "BRout[4]" at BR.vhd(13) File: E:/QuartusPrimeLiteEdition/experiment_4/Quartus_f4b_test1/Quartus_f4b_test1/f4b3v2/BR.vhd Line: 13
Info (10041): Inferred latch for "BRout[5]" at BR.vhd(13) File: E:/QuartusPrimeLiteEdition/experiment_4/Quartus_f4b_test1/Quartus_f4b_test1/f4b3v2/BR.vhd Line: 13
Info (10041): Inferred latch for "BRout[6]" at BR.vhd(13) File: E:/QuartusPrimeLiteEdition/experiment_4/Quartus_f4b_test1/Quartus_f4b_test1/f4b3v2/BR.vhd Line: 13
Info (10041): Inferred latch for "BRout[7]" at BR.vhd(13) File: E:/QuartusPrimeLiteEdition/experiment_4/Quartus_f4b_test1/Quartus_f4b_test1/f4b3v2/BR.vhd Line: 13
Info (10041): Inferred latch for "BRout[8]" at BR.vhd(13) File: E:/QuartusPrimeLiteEdition/experiment_4/Quartus_f4b_test1/Quartus_f4b_test1/f4b3v2/BR.vhd Line: 13
Info (10041): Inferred latch for "BRout[9]" at BR.vhd(13) File: E:/QuartusPrimeLiteEdition/experiment_4/Quartus_f4b_test1/Quartus_f4b_test1/f4b3v2/BR.vhd Line: 13
Info (10041): Inferred latch for "BRout[10]" at BR.vhd(13) File: E:/QuartusPrimeLiteEdition/experiment_4/Quartus_f4b_test1/Quartus_f4b_test1/f4b3v2/BR.vhd Line: 13
Info (10041): Inferred latch for "BRout[11]" at BR.vhd(13) File: E:/QuartusPrimeLiteEdition/experiment_4/Quartus_f4b_test1/Quartus_f4b_test1/f4b3v2/BR.vhd Line: 13
Info (10041): Inferred latch for "BRout[12]" at BR.vhd(13) File: E:/QuartusPrimeLiteEdition/experiment_4/Quartus_f4b_test1/Quartus_f4b_test1/f4b3v2/BR.vhd Line: 13
Info (10041): Inferred latch for "BRout[13]" at BR.vhd(13) File: E:/QuartusPrimeLiteEdition/experiment_4/Quartus_f4b_test1/Quartus_f4b_test1/f4b3v2/BR.vhd Line: 13
Info (10041): Inferred latch for "BRout[14]" at BR.vhd(13) File: E:/QuartusPrimeLiteEdition/experiment_4/Quartus_f4b_test1/Quartus_f4b_test1/f4b3v2/BR.vhd Line: 13
Info (10041): Inferred latch for "BRout[15]" at BR.vhd(13) File: E:/QuartusPrimeLiteEdition/experiment_4/Quartus_f4b_test1/Quartus_f4b_test1/f4b3v2/BR.vhd Line: 13
Warning (13044): Always-enabled tri-state buffer(s) removed
    Warning (13045): Converted the fanout from the always-enabled tri-state buffer "lpm_rom:inst8|otri[31]" to the node "CONTROLIN[31]" into a wire File: e:/quartusprimeliteedition/altera_lite/25.1/quartus/libraries/megafunctions/lpm_rom.tdf Line: 68
    Warning (13045): Converted the fanout from the always-enabled tri-state buffer "lpm_rom:inst8|otri[30]" to the node "CONTROLIN[30]" into a wire File: e:/quartusprimeliteedition/altera_lite/25.1/quartus/libraries/megafunctions/lpm_rom.tdf Line: 68
    Warning (13045): Converted the fanout from the always-enabled tri-state buffer "lpm_rom:inst8|otri[29]" to the node "CONTROLIN[29]" into a wire File: e:/quartusprimeliteedition/altera_lite/25.1/quartus/libraries/megafunctions/lpm_rom.tdf Line: 68
    Warning (13045): Converted the fanout from the always-enabled tri-state buffer "lpm_rom:inst8|otri[28]" to the node "CONTROLIN[28]" into a wire File: e:/quartusprimeliteedition/altera_lite/25.1/quartus/libraries/megafunctions/lpm_rom.tdf Line: 68
    Warning (13045): Converted the fanout from the always-enabled tri-state buffer "lpm_rom:inst8|otri[27]" to the node "CONTROLIN[27]" into a wire File: e:/quartusprimeliteedition/altera_lite/25.1/quartus/libraries/megafunctions/lpm_rom.tdf Line: 68
    Warning (13045): Converted the fanout from the always-enabled tri-state buffer "lpm_rom:inst8|otri[15]" to the node "CONTROLIN[15]" into a wire File: e:/quartusprimeliteedition/altera_lite/25.1/quartus/libraries/megafunctions/lpm_rom.tdf Line: 68
    Warning (13045): Converted the fanout from the always-enabled tri-state buffer "lpm_rom:inst8|otri[15]" to the node "ALUIN[3]" into a wire File: e:/quartusprimeliteedition/altera_lite/25.1/quartus/libraries/megafunctions/lpm_rom.tdf Line: 68
    Warning (13045): Converted the fanout from the always-enabled tri-state buffer "lpm_rom:inst8|otri[14]" to the node "CONTROLIN[14]" into a wire File: e:/quartusprimeliteedition/altera_lite/25.1/quartus/libraries/megafunctions/lpm_rom.tdf Line: 68
    Warning (13045): Converted the fanout from the always-enabled tri-state buffer "lpm_rom:inst8|otri[14]" to the node "ALUIN[2]" into a wire File: e:/quartusprimeliteedition/altera_lite/25.1/quartus/libraries/megafunctions/lpm_rom.tdf Line: 68
    Warning (13045): Converted the fanout from the always-enabled tri-state buffer "lpm_rom:inst8|otri[13]" to the node "CONTROLIN[13]" into a wire File: e:/quartusprimeliteedition/altera_lite/25.1/quartus/libraries/megafunctions/lpm_rom.tdf Line: 68
    Warning (13045): Converted the fanout from the always-enabled tri-state buffer "lpm_rom:inst8|otri[13]" to the node "ALUIN[1]" into a wire File: e:/quartusprimeliteedition/altera_lite/25.1/quartus/libraries/megafunctions/lpm_rom.tdf Line: 68
    Warning (13045): Converted the fanout from the always-enabled tri-state buffer "lpm_rom:inst8|otri[12]" to the node "CONTROLIN[12]" into a wire File: e:/quartusprimeliteedition/altera_lite/25.1/quartus/libraries/megafunctions/lpm_rom.tdf Line: 68
    Warning (13045): Converted the fanout from the always-enabled tri-state buffer "lpm_rom:inst8|otri[12]" to the node "ALUIN[0]" into a wire File: e:/quartusprimeliteedition/altera_lite/25.1/quartus/libraries/megafunctions/lpm_rom.tdf Line: 68
    Warning (13045): Converted the fanout from the always-enabled tri-state buffer "lpm_rom:inst8|otri[26]" to the node "CONTROLIN[26]" into a wire File: e:/quartusprimeliteedition/altera_lite/25.1/quartus/libraries/megafunctions/lpm_rom.tdf Line: 68
    Warning (13045): Converted the fanout from the always-enabled tri-state buffer "lpm_rom:inst8|otri[26]" to the node "CARcIN[3]" into a wire File: e:/quartusprimeliteedition/altera_lite/25.1/quartus/libraries/megafunctions/lpm_rom.tdf Line: 68
    Warning (13045): Converted the fanout from the always-enabled tri-state buffer "lpm_rom:inst8|otri[25]" to the node "CONTROLIN[25]" into a wire File: e:/quartusprimeliteedition/altera_lite/25.1/quartus/libraries/megafunctions/lpm_rom.tdf Line: 68
    Warning (13045): Converted the fanout from the always-enabled tri-state buffer "lpm_rom:inst8|otri[25]" to the node "CARcIN[2]" into a wire File: e:/quartusprimeliteedition/altera_lite/25.1/quartus/libraries/megafunctions/lpm_rom.tdf Line: 68
    Warning (13045): Converted the fanout from the always-enabled tri-state buffer "lpm_rom:inst8|otri[24]" to the node "CONTROLIN[24]" into a wire File: e:/quartusprimeliteedition/altera_lite/25.1/quartus/libraries/megafunctions/lpm_rom.tdf Line: 68
    Warning (13045): Converted the fanout from the always-enabled tri-state buffer "lpm_rom:inst8|otri[24]" to the node "CARcIN[1]" into a wire File: e:/quartusprimeliteedition/altera_lite/25.1/quartus/libraries/megafunctions/lpm_rom.tdf Line: 68
    Warning (13045): Converted the fanout from the always-enabled tri-state buffer "lpm_rom:inst8|otri[23]" to the node "CONTROLIN[23]" into a wire File: e:/quartusprimeliteedition/altera_lite/25.1/quartus/libraries/megafunctions/lpm_rom.tdf Line: 68
    Warning (13045): Converted the fanout from the always-enabled tri-state buffer "lpm_rom:inst8|otri[23]" to the node "CARcIN[0]" into a wire File: e:/quartusprimeliteedition/altera_lite/25.1/quartus/libraries/megafunctions/lpm_rom.tdf Line: 68
    Warning (13045): Converted the fanout from the always-enabled tri-state buffer "lpm_rom:inst8|otri[22]" to the node "CONTROLIN[22]" into a wire File: e:/quartusprimeliteedition/altera_lite/25.1/quartus/libraries/megafunctions/lpm_rom.tdf Line: 68
    Warning (13045): Converted the fanout from the always-enabled tri-state buffer "lpm_rom:inst8|otri[21]" to the node "CONTROLIN[21]" into a wire File: e:/quartusprimeliteedition/altera_lite/25.1/quartus/libraries/megafunctions/lpm_rom.tdf Line: 68
    Warning (13045): Converted the fanout from the always-enabled tri-state buffer "lpm_rom:inst8|otri[20]" to the node "CONTROLIN[20]" into a wire File: e:/quartusprimeliteedition/altera_lite/25.1/quartus/libraries/megafunctions/lpm_rom.tdf Line: 68
    Warning (13045): Converted the fanout from the always-enabled tri-state buffer "lpm_rom:inst8|otri[19]" to the node "CONTROLIN[19]" into a wire File: e:/quartusprimeliteedition/altera_lite/25.1/quartus/libraries/megafunctions/lpm_rom.tdf Line: 68
    Warning (13045): Converted the fanout from the always-enabled tri-state buffer "lpm_rom:inst8|otri[18]" to the node "CONTROLIN[18]" into a wire File: e:/quartusprimeliteedition/altera_lite/25.1/quartus/libraries/megafunctions/lpm_rom.tdf Line: 68
    Warning (13045): Converted the fanout from the always-enabled tri-state buffer "lpm_rom:inst8|otri[17]" to the node "CONTROLIN[17]" into a wire File: e:/quartusprimeliteedition/altera_lite/25.1/quartus/libraries/megafunctions/lpm_rom.tdf Line: 68
    Warning (13045): Converted the fanout from the always-enabled tri-state buffer "lpm_rom:inst8|otri[16]" to the node "CONTROLIN[16]" into a wire File: e:/quartusprimeliteedition/altera_lite/25.1/quartus/libraries/megafunctions/lpm_rom.tdf Line: 68
    Warning (13045): Converted the fanout from the always-enabled tri-state buffer "lpm_rom:inst8|otri[11]" to the node "CONTROLIN[11]" into a wire File: e:/quartusprimeliteedition/altera_lite/25.1/quartus/libraries/megafunctions/lpm_rom.tdf Line: 68
    Warning (13045): Converted the fanout from the always-enabled tri-state buffer "lpm_rom:inst8|otri[10]" to the node "CONTROLIN[10]" into a wire File: e:/quartusprimeliteedition/altera_lite/25.1/quartus/libraries/megafunctions/lpm_rom.tdf Line: 68
    Warning (13045): Converted the fanout from the always-enabled tri-state buffer "lpm_rom:inst8|otri[9]" to the node "CONTROLIN[9]" into a wire File: e:/quartusprimeliteedition/altera_lite/25.1/quartus/libraries/megafunctions/lpm_rom.tdf Line: 68
    Warning (13045): Converted the fanout from the always-enabled tri-state buffer "lpm_rom:inst8|otri[8]" to the node "CONTROLIN[8]" into a wire File: e:/quartusprimeliteedition/altera_lite/25.1/quartus/libraries/megafunctions/lpm_rom.tdf Line: 68
    Warning (13045): Converted the fanout from the always-enabled tri-state buffer "lpm_rom:inst8|otri[7]" to the node "CONTROLIN[7]" into a wire File: e:/quartusprimeliteedition/altera_lite/25.1/quartus/libraries/megafunctions/lpm_rom.tdf Line: 68
    Warning (13045): Converted the fanout from the always-enabled tri-state buffer "lpm_rom:inst8|otri[6]" to the node "CONTROLIN[6]" into a wire File: e:/quartusprimeliteedition/altera_lite/25.1/quartus/libraries/megafunctions/lpm_rom.tdf Line: 68
    Warning (13045): Converted the fanout from the always-enabled tri-state buffer "lpm_rom:inst8|otri[5]" to the node "CONTROLIN[5]" into a wire File: e:/quartusprimeliteedition/altera_lite/25.1/quartus/libraries/megafunctions/lpm_rom.tdf Line: 68
    Warning (13045): Converted the fanout from the always-enabled tri-state buffer "lpm_rom:inst8|otri[4]" to the node "CONTROLIN[4]" into a wire File: e:/quartusprimeliteedition/altera_lite/25.1/quartus/libraries/megafunctions/lpm_rom.tdf Line: 68
    Warning (13045): Converted the fanout from the always-enabled tri-state buffer "lpm_rom:inst8|otri[3]" to the node "CONTROLIN[3]" into a wire File: e:/quartusprimeliteedition/altera_lite/25.1/quartus/libraries/megafunctions/lpm_rom.tdf Line: 68
    Warning (13045): Converted the fanout from the always-enabled tri-state buffer "lpm_rom:inst8|otri[2]" to the node "CONTROLIN[2]" into a wire File: e:/quartusprimeliteedition/altera_lite/25.1/quartus/libraries/megafunctions/lpm_rom.tdf Line: 68
    Warning (13045): Converted the fanout from the always-enabled tri-state buffer "lpm_rom:inst8|otri[1]" to the node "CONTROLIN[1]" into a wire File: e:/quartusprimeliteedition/altera_lite/25.1/quartus/libraries/megafunctions/lpm_rom.tdf Line: 68
    Warning (13045): Converted the fanout from the always-enabled tri-state buffer "lpm_rom:inst8|otri[0]" to the node "CONTROLIN[0]" into a wire File: e:/quartusprimeliteedition/altera_lite/25.1/quartus/libraries/megafunctions/lpm_rom.tdf Line: 68
    Warning (13045): Converted the fanout from the always-enabled tri-state buffer "lpm_rom:inst8|otri[21]" to the node "MBR:inst|MBR_OP[5]" into a wire File: e:/quartusprimeliteedition/altera_lite/25.1/quartus/libraries/megafunctions/lpm_rom.tdf Line: 68
    Warning (13045): Converted the fanout from the always-enabled tri-state buffer "lpm_rom:inst8|otri[19]" to the node "MAR:inst7|MARout[1]" into a wire File: e:/quartusprimeliteedition/altera_lite/25.1/quartus/libraries/megafunctions/lpm_rom.tdf Line: 68
    Warning (13045): Converted the fanout from the always-enabled tri-state buffer "lpm_rom:inst8|otri[16]" to the node "MBR:inst|MBR_BR[5]" into a wire File: e:/quartusprimeliteedition/altera_lite/25.1/quartus/libraries/megafunctions/lpm_rom.tdf Line: 68
    Warning (13045): Converted the fanout from the always-enabled tri-state buffer "lpm_rom:inst8|otri[7]" to the node "CAR:inst6|CARout[7]" into a wire File: e:/quartusprimeliteedition/altera_lite/25.1/quartus/libraries/megafunctions/lpm_rom.tdf Line: 68
    Warning (13045): Converted the fanout from the always-enabled tri-state buffer "lpm_rom:inst8|otri[6]" to the node "CAR:inst6|CARout[6]" into a wire File: e:/quartusprimeliteedition/altera_lite/25.1/quartus/libraries/megafunctions/lpm_rom.tdf Line: 68
    Warning (13045): Converted the fanout from the always-enabled tri-state buffer "lpm_rom:inst8|otri[5]" to the node "CAR:inst6|CARout[5]" into a wire File: e:/quartusprimeliteedition/altera_lite/25.1/quartus/libraries/megafunctions/lpm_rom.tdf Line: 68
    Warning (13045): Converted the fanout from the always-enabled tri-state buffer "lpm_rom:inst8|otri[4]" to the node "CAR:inst6|CARout[4]" into a wire File: e:/quartusprimeliteedition/altera_lite/25.1/quartus/libraries/megafunctions/lpm_rom.tdf Line: 68
    Warning (13045): Converted the fanout from the always-enabled tri-state buffer "lpm_rom:inst8|otri[3]" to the node "CAR:inst6|CARout[3]" into a wire File: e:/quartusprimeliteedition/altera_lite/25.1/quartus/libraries/megafunctions/lpm_rom.tdf Line: 68
    Warning (13045): Converted the fanout from the always-enabled tri-state buffer "lpm_rom:inst8|otri[2]" to the node "CAR:inst6|CARout[2]" into a wire File: e:/quartusprimeliteedition/altera_lite/25.1/quartus/libraries/megafunctions/lpm_rom.tdf Line: 68
    Warning (13045): Converted the fanout from the always-enabled tri-state buffer "lpm_rom:inst8|otri[1]" to the node "CAR:inst6|CARout[1]" into a wire File: e:/quartusprimeliteedition/altera_lite/25.1/quartus/libraries/megafunctions/lpm_rom.tdf Line: 68
    Warning (13045): Converted the fanout from the always-enabled tri-state buffer "lpm_rom:inst8|otri[0]" to the node "CAR:inst6|CARout[0]" into a wire File: e:/quartusprimeliteedition/altera_lite/25.1/quartus/libraries/megafunctions/lpm_rom.tdf Line: 68
Warning (13046): Tri-state node(s) do not directly drive top-level pin(s)
    Warning (13047): Converted the fan-out from the tri-state buffer "lpm_rom:inst8|otri[15]" to the node "ALU:inst3|ACC[3]" into an OR gate File: e:/quartusprimeliteedition/altera_lite/25.1/quartus/libraries/megafunctions/lpm_rom.tdf Line: 68
    Warning (13047): Converted the fan-out from the tri-state buffer "lpm_rom:inst8|otri[14]" to the node "ALU:inst3|ACC[3]" into an OR gate File: e:/quartusprimeliteedition/altera_lite/25.1/quartus/libraries/megafunctions/lpm_rom.tdf Line: 68
    Warning (13047): Converted the fan-out from the tri-state buffer "lpm_rom:inst8|otri[13]" to the node "ALU:inst3|ACC[3]" into an OR gate File: e:/quartusprimeliteedition/altera_lite/25.1/quartus/libraries/megafunctions/lpm_rom.tdf Line: 68
    Warning (13047): Converted the fan-out from the tri-state buffer "lpm_rom:inst8|otri[12]" to the node "ALU:inst3|Equal0" into an OR gate File: e:/quartusprimeliteedition/altera_lite/25.1/quartus/libraries/megafunctions/lpm_rom.tdf Line: 68
    Warning (13047): Converted the fan-out from the tri-state buffer "lpm_rom:inst8|otri[26]" to the node "CAR:inst6|Equal2" into an OR gate File: e:/quartusprimeliteedition/altera_lite/25.1/quartus/libraries/megafunctions/lpm_rom.tdf Line: 68
    Warning (13047): Converted the fan-out from the tri-state buffer "lpm_rom:inst8|otri[25]" to the node "CAR:inst6|Equal2" into an OR gate File: e:/quartusprimeliteedition/altera_lite/25.1/quartus/libraries/megafunctions/lpm_rom.tdf Line: 68
    Warning (13047): Converted the fan-out from the tri-state buffer "lpm_rom:inst8|otri[24]" to the node "CAR:inst6|Equal2" into an OR gate File: e:/quartusprimeliteedition/altera_lite/25.1/quartus/libraries/megafunctions/lpm_rom.tdf Line: 68
    Warning (13047): Converted the fan-out from the tri-state buffer "lpm_rom:inst8|otri[23]" to the node "CAR:inst6|Equal2" into an OR gate File: e:/quartusprimeliteedition/altera_lite/25.1/quartus/libraries/megafunctions/lpm_rom.tdf Line: 68
    Warning (13047): Converted the fan-out from the tri-state buffer "lpm_rom:inst8|otri[22]" to the node "BR:inst2|BRout[0]" into an OR gate File: e:/quartusprimeliteedition/altera_lite/25.1/quartus/libraries/megafunctions/lpm_rom.tdf Line: 68
    Warning (13047): Converted the fan-out from the tri-state buffer "lpm_rom:inst8|otri[20]" to the node "MBR:inst|temp" into an OR gate File: e:/quartusprimeliteedition/altera_lite/25.1/quartus/libraries/megafunctions/lpm_rom.tdf Line: 68
    Warning (13047): Converted the fan-out from the tri-state buffer "lpm_rom:inst8|otri[18]" to the node "MAR:inst7|MARout[1]" into an OR gate File: e:/quartusprimeliteedition/altera_lite/25.1/quartus/libraries/megafunctions/lpm_rom.tdf Line: 68
    Warning (13047): Converted the fan-out from the tri-state buffer "lpm_rom:inst8|otri[17]" to the node "lpm_ram_dq:inst9|altram:sram|altsyncram:ram_block|altsyncram_lhh1:auto_generated|q_a[0]" into an OR gate File: e:/quartusprimeliteedition/altera_lite/25.1/quartus/libraries/megafunctions/lpm_rom.tdf Line: 68
    Warning (13047): Converted the fan-out from the tri-state buffer "lpm_rom:inst8|otri[11]" to the node "ALU:inst3|ACC" into an OR gate File: e:/quartusprimeliteedition/altera_lite/25.1/quartus/libraries/megafunctions/lpm_rom.tdf Line: 68
    Warning (13047): Converted the fan-out from the tri-state buffer "lpm_rom:inst8|otri[10]" to the node "PC:inst4|PCout[4]" into an OR gate File: e:/quartusprimeliteedition/altera_lite/25.1/quartus/libraries/megafunctions/lpm_rom.tdf Line: 68
    Warning (13047): Converted the fan-out from the tri-state buffer "lpm_rom:inst8|otri[9]" to the node "PC:inst4|PCout[4]" into an OR gate File: e:/quartusprimeliteedition/altera_lite/25.1/quartus/libraries/megafunctions/lpm_rom.tdf Line: 68
    Warning (13047): Converted the fan-out from the tri-state buffer "lpm_rom:inst8|otri[8]" to the node "PC:inst4|PCout[4]" into an OR gate File: e:/quartusprimeliteedition/altera_lite/25.1/quartus/libraries/megafunctions/lpm_rom.tdf Line: 68
Info (286030): Timing-Driven Synthesis is running
Info (16010): Generating hard_block partition "hard_block:auto_generated_inst"
    Info (16011): Adding 0 node(s), including 0 DDIO, 0 PLL, 0 transceiver and 0 LCELL
Info (21057): Implemented 735 device resources after synthesis - the final resource count might be different
    Info (21058): Implemented 3 input pins
    Info (21059): Implemented 152 output pins
    Info (21061): Implemented 531 logic cells
    Info (21064): Implemented 48 RAM segments
    Info (21062): Implemented 1 DSP elements
Info: Quartus Prime Analysis & Synthesis was successful. 0 errors, 74 warnings
    Info: Peak virtual memory: 4950 megabytes
    Info: Processing ended: Wed Jun  3 17:27:13 2026
    Info: Elapsed time: 00:00:15
    Info: Total CPU time (on all processors): 00:00:39


